[dreamguys.co.in/demo/medifab/blue/index.html]
[backblue.gif]
[fade.gif]
[index.html]
[dreamguys.co.in/demo/medifab/blue/assets/img/favicon.png]
[dreamguys.co.in/demo/medifab/blue/assets/css/bootstrap.min.css]
[dreamguys.co.in/demo/medifab/blue/assets/css/font-awesome.min.css]
[dreamguys.co.in/demo/medifab/blue/assets/css/owl.carousel.css]
[dreamguys.co.in/demo/medifab/blue/assets/css/owl.theme.default.min.css]
[dreamguys.co.in/demo/medifab/blue/assets/css/style.css]
[dreamguys.co.in/demo/medifab/blue/assets/img/logo.png]
[dreamguys.co.in/demo/medifab/blue/about-us.html]
[dreamguys.co.in/demo/medifab/blue/departments.html]
[dreamguys.co.in/demo/medifab/blue/services.html]
[dreamguys.co.in/demo/medifab/blue/doctors.html]
[dreamguys.co.in/demo/medifab/blue/blog.html]
[dreamguys.co.in/demo/medifab/blue/blog-left-sidebar.html]
[dreamguys.co.in/demo/medifab/blue/blog-full-width.html]
[dreamguys.co.in/demo/medifab/blue/blog-grid.html]
[dreamguys.co.in/demo/medifab/blue/blog-details.html]
[dreamguys.co.in/demo/medifab/blue/contact-us.html]
[dreamguys.co.in/demo/medifab/blue/appointment.html]
[dreamguys.co.in/demo/medifab/blue/login.html]
[dreamguys.co.in/demo/medifab/blue/register.html]
[dreamguys.co.in/demo/medifab/blue/forgot-password.html]
[dreamguys.co.in/demo/medifab/blue/404.html]
[dreamguys.co.in/demo/medifab/blue/assets/img/icon-01.png]
[dreamguys.co.in/demo/medifab/blue/assets/img/icon-02.png]
[dreamguys.co.in/demo/medifab/blue/assets/img/icon-03.png]
[dreamguys.co.in/demo/medifab/blue/doctor-details.html]
[dreamguys.co.in/demo/medifab/blue/assets/img/doctor-thumb-01.jpg]
[dreamguys.co.in/demo/medifab/blue/assets/img/doctor-thumb-02.jpg]
[dreamguys.co.in/demo/medifab/blue/assets/img/doctor-thumb-03.jpg]
[dreamguys.co.in/demo/medifab/blue/assets/img/doctor-thumb-04.jpg]
[dreamguys.co.in/demo/medifab/blue/assets/img/doctor-thumb-05.jpg]
[dreamguys.co.in/demo/medifab/blue/assets/img/doctor-thumb-06.jpg]
[dreamguys.co.in/demo/medifab/blue/assets/img/doctor-thumb-07.jpg]
[dreamguys.co.in/demo/medifab/blue/assets/img/doctor-thumb-08.jpg]
[dreamguys.co.in/demo/medifab/blue/assets/img/doctor-thumb-09.jpg]
[dreamguys.co.in/demo/medifab/blue/department-details.html]
[dreamguys.co.in/demo/medifab/blue/assets/img/icon-04.png]
[dreamguys.co.in/demo/medifab/blue/assets/img/icon-05.png]
[dreamguys.co.in/demo/medifab/blue/assets/img/icon-06.png]
[dreamguys.co.in/demo/medifab/blue/assets/img/icon-07.png]
[dreamguys.co.in/demo/medifab/blue/assets/img/icon-08.png]
[dreamguys.co.in/demo/medifab/blue/assets/img/icon-09.png]
[dreamguys.co.in/demo/medifab/blue/assets/img/testi-03.jpg]
[dreamguys.co.in/demo/medifab/blue/assets/img/testi-02.jpg]
[dreamguys.co.in/demo/medifab/blue/assets/img/testi-05.jpg]
[dreamguys.co.in/demo/medifab/blue/assets/img/testi-04.jpg]
[dreamguys.co.in/demo/medifab/blue/assets/img/testi-01.jpg]
[dreamguys.co.in/demo/medifab/blue/assets/js/jquery.min.js]
[dreamguys.co.in/demo/medifab/blue/assets/js/bootstrap.min.js]
[dreamguys.co.in/demo/medifab/blue/assets/js/owl.carousel.min.js]
[dreamguys.co.in/demo/medifab/blue/assets/js/theme.js]
[dreamguys.co.in/demo/medifab/blue/index.html]
[dreamguys.co.in/demo/medifab/blue/assets/fonts/glyphicons-halflings-regular.eot]
[dreamguys.co.in/demo/medifab/blue/assets/fonts/glyphicons-halflings-regulard41d.eot]
[dreamguys.co.in/demo/medifab/blue/assets/fonts/glyphicons-halflings-regular.woff]
[dreamguys.co.in/demo/medifab/blue/assets/fonts/glyphicons-halflings-regular.ttf]
[dreamguys.co.in/demo/medifab/blue/assets/css/bootstrap.min.css]
[dreamguys.co.in/demo/medifab/blue/assets/fonts/fontawesome-webfont3e6e.eot]
[dreamguys.co.in/demo/medifab/blue/assets/fonts/fontawesome-webfontd41d.eot]
[dreamguys.co.in/demo/medifab/blue/assets/fonts/fontawesome-webfont3e6e.woff]
[dreamguys.co.in/demo/medifab/blue/assets/fonts/fontawesome-webfont3e6e.ttf]
[dreamguys.co.in/demo/medifab/blue/assets/css/font-awesome.min.css]
[dreamguys.co.in/demo/medifab/blue/assets/css/owl.carousel.css]
[dreamguys.co.in/demo/medifab/blue/assets/css/owl.theme.default.min.css]
[dreamguys.co.in/demo/medifab/blue/assets/img/bg.jpg]
[dreamguys.co.in/demo/medifab/blue/assets/img/calander.png]
[dreamguys.co.in/demo/medifab/blue/assets/css/style.css]
[dreamguys.co.in/demo/medifab/blue/assets/img/about-img.png]
[dreamguys.co.in/demo/medifab/blue/about-us.html]
[dreamguys.co.in/demo/medifab/blue/departments.html]
[dreamguys.co.in/demo/medifab/blue/service-details.html]
[dreamguys.co.in/demo/medifab/blue/services.html]
[dreamguys.co.in/demo/medifab/blue/assets/img/doctor-06.jpg]
[dreamguys.co.in/demo/medifab/blue/assets/js/jquery-3.2.1.min.js]
[dreamguys.co.in/demo/medifab/blue/assets/img/doctor-09.jpg]
[dreamguys.co.in/demo/medifab/blue/assets/img/doctor-01.jpg]
[dreamguys.co.in/demo/medifab/blue/assets/img/doctor-02.jpg]
[dreamguys.co.in/demo/medifab/blue/assets/img/doctor-03.jpg]
[dreamguys.co.in/demo/medifab/blue/assets/img/doctor-04.jpg]
[dreamguys.co.in/demo/medifab/blue/assets/img/doctor-05.jpg]
[dreamguys.co.in/demo/medifab/blue/assets/img/doctor-07.jpg]
[dreamguys.co.in/demo/medifab/blue/assets/img/doctor-08.jpg]
[dreamguys.co.in/demo/medifab/blue/doctors.html]
[dreamguys.co.in/demo/medifab/blue/assets/img/blog-01.jpg]
[dreamguys.co.in/demo/medifab/blue/assets/img/blog-02.jpg]
[dreamguys.co.in/demo/medifab/blue/assets/img/blog-thumb-01.jpg]
[dreamguys.co.in/demo/medifab/blue/assets/img/blog-thumb-02.jpg]
[dreamguys.co.in/demo/medifab/blue/assets/img/blog-thumb-03.jpg]
[dreamguys.co.in/demo/medifab/blue/assets/img/blog-thumb-04.jpg]
[dreamguys.co.in/demo/medifab/blue/blog.html]
[dreamguys.co.in/demo/medifab/blue/blog-left-sidebar.html]
[dreamguys.co.in/demo/medifab/blue/assets/img/blog-05.jpg]
[dreamguys.co.in/demo/medifab/blue/assets/img/blog-06.jpg]
[dreamguys.co.in/demo/medifab/blue/blog-full-width.html]
[dreamguys.co.in/demo/medifab/blue/assets/img/blog-03.jpg]
[dreamguys.co.in/demo/medifab/blue/assets/img/blog-04.jpg]
[dreamguys.co.in/demo/medifab/blue/blog-grid.html]
[dreamguys.co.in/demo/medifab/blue/blog-details.html]
[dreamguys.co.in/demo/medifab/blue/contact-us.html]
[dreamguys.co.in/demo/medifab/blue/assets/css/select2.min.css]
[dreamguys.co.in/demo/medifab/blue/assets/css/bootstrap-datetimepicker.min.css]
[dreamguys.co.in/demo/medifab/blue/assets/js/select2.min.js]
[dreamguys.co.in/demo/medifab/blue/appointment.html]
[dreamguys.co.in/demo/medifab/blue/login.html]
[dreamguys.co.in/demo/medifab/blue/register.html]
[dreamguys.co.in/demo/medifab/blue/forgot-password.html]
[dreamguys.co.in/demo/medifab/blue/404.html]
[dreamguys.co.in/demo/medifab/blue/doctor-details.html]
[dreamguys.co.in/demo/medifab/blue/assets/js/bootstrap-datetimepicker.min.js]
[dreamguys.co.in/demo/medifab/blue/assets/js/moment.min.js]
[dreamguys.co.in/demo/medifab/blue/assets/img/department-img.jpg]
[dreamguys.co.in/demo/medifab/blue/department-details.html]
[dreamguys.co.in/demo/medifab/blue/assets/fonts/glyphicons-halflings-regular.html]
[dreamguys.co.in/demo/medifab/blue/assets/fonts/glyphicons-halflings-regular.svg]
[dreamguys.co.in/demo/medifab/blue/assets/fonts/fontawesome-webfont3e6e.html]
[dreamguys.co.in/demo/medifab/blue/assets/fonts/fontawesome-webfont3e6e.svg]
[dreamguys.co.in/demo/medifab/blue/assets/css/owl.video.play.html]
[dreamguys.co.in/demo/medifab/blue/assets/img/service-img.jpg]
[dreamguys.co.in/demo/medifab/blue/service-details.html]
[dreamguys.co.in/demo/medifab/blue/assets/css/select2.min.css]
[dreamguys.co.in/demo/medifab/blue/assets/css/bootstrap-datetimepicker.min.css]
